C51 COMPILER V9.53.0.0   LED_WITH_INDIVIDUAL_SWITCH                                        10/25/2018 11:58:14 PAGE 1   


C51 COMPILER V9.53.0.0, COMPILATION OF MODULE LED_WITH_INDIVIDUAL_SWITCH
OBJECT MODULE PLACED IN LED_WITH_INDIVIDUAL_SWITCH.OBJ
COMPILER INVOKED BY: C:\Keil_v5\C51\BIN\C51.EXE LED_WITH_INDIVIDUAL_SWITCH.c OPTIMIZE(8,SPEED) BROWSE DEBUG OBJECTEXTEND
                    - TABS(2)

line level    source

   1          #include<reg51.h>
   2          
   3          void delay()
   4          {
   5   1      int i,j;
   6   1      for(i=0;i<10;i++)
   7   1        for(j=0;j<1000;j++);
   8   1      }
   9          
  10          sbit LED1 = P2^0;
  11          sbit LED2 = P2^1;
  12          
  13          sbit SW1 = P2^2;
  14          sbit SW2 = P2^3;
  15          
  16          void main()
  17          {
  18   1        P2 = 0x0C;
  19   1      
  20   1        while(1)
  21   1        {
  22   2          if(SW1 == 0 )
  23   2          {
  24   3            LED1 = 1;
  25   3          }
  26   2          else 
  27   2            LED1 = 0; 
  28   2          
  29   2          if(SW2 == 0 )
  30   2          {
  31   3            LED2 = 1;
  32   3          }
  33   2          else 
  34   2            LED2 = 0;
  35   2        }
  36   1      }


MODULE INFORMATION:   STATIC OVERLAYABLE
   CODE SIZE        =     52    ----
   CONSTANT SIZE    =   ----    ----
   XDATA SIZE       =   ----    ----
   PDATA SIZE       =   ----    ----
   DATA SIZE        =   ----    ----
   IDATA SIZE       =   ----    ----
   BIT SIZE         =   ----    ----
END OF MODULE INFORMATION.


C51 COMPILATION COMPLETE.  0 WARNING(S),  0 ERROR(S)
